<?xml version="1.0" encoding="UTF-8"?>
<!-- Generated by org.testng.reporters.JUnitReportReporter -->
<testsuite hostname="mohsine" failures="0" tests="1" name="opencart_pages.NewTest" time="3.538" errors="0" timestamp="2022-02-04T19:44:20 EST" skipped="0">
  <testcase classname="opencart_pages.NewTest" name="f" time="3.538"/>
  <system-out/>
</testsuite> <!-- opencart_pages.NewTest -->
