<?xml version="1.0" encoding="UTF-8"?>
<!-- Generated by org.testng.reporters.JUnitReportReporter -->
<testsuite hostname="mohsine" failures="0" tests="1" name="Opencart_TestCases.testCasesExecution" time="8.461" errors="0" timestamp="2022-02-05T20:15:52 EST" skipped="0">
  <testcase classname="Opencart_TestCases.testCasesExecution" name="f" time="8.461"/>
  <system-out/>
</testsuite> <!-- Opencart_TestCases.testCasesExecution -->
